TN:
SF:src\binarytreemindepht.js
FN:1,(anonymous_0)
FNF:1
FNH:1
FNDA:3,(anonymous_0)
DA:1,1
DA:2,3
DA:3,3
DA:5,3
DA:6,3
DA:8,3
DA:9,0
DA:10,0
DA:15,1
LF:9
LH:7
BRDA:2,0,0,0
BRDA:2,0,1,3
BRDA:8,1,0,3
BRDA:8,1,1,0
BRDA:8,2,0,3
BRDA:8,2,1,3
BRDA:9,3,0,0
BRDA:9,3,1,0
BRDA:10,4,0,0
BRDA:10,4,1,0
BRF:10
BRH:4
end_of_record
TN:
SF:src\cllimbingstairs.js
FN:1,climbStairs
FNF:1
FNH:1
FNDA:6,climbStairs
DA:2,6
DA:4,4
DA:6,4
DA:7,14
DA:8,14
DA:9,14
DA:12,4
DA:15,1
LF:8
LH:8
BRDA:2,0,0,2
BRDA:2,0,1,4
BRF:2
BRH:2
end_of_record
TN:
SF:src\formFunc.js
FN:1,(anonymous_0)
FN:24,(anonymous_1)
FNF:2
FNH:2
FNDA:1,(anonymous_0)
FNDA:2,(anonymous_1)
DA:1,1
DA:8,1
DA:10,1
DA:11,1
DA:13,1
DA:14,1
DA:16,1
DA:17,0
DA:19,1
DA:21,1
DA:24,1
DA:31,2
DA:33,2
DA:34,2
DA:36,2
DA:44,1
LF:16
LH:15
BRDA:13,0,0,1
BRDA:13,0,1,0
BRDA:14,1,0,0
BRDA:14,1,1,1
BRDA:16,2,0,0
BRDA:16,2,1,1
BRDA:16,3,0,1
BRDA:16,3,1,0
BRDA:21,4,0,0
BRDA:21,4,1,1
BRDA:37,5,0,2
BRDA:37,5,1,2
BRDA:37,5,2,2
BRDA:37,5,3,2
BRDA:37,5,4,2
BRDA:37,5,5,2
BRF:16
BRH:11
end_of_record
TN:
SF:src\lengthoflastword.js
FN:2,lengthOfLastWord
FN:4,(anonymous_1)
FNF:2
FNH:2
FNDA:6,lengthOfLastWord
FNDA:23,(anonymous_1)
DA:3,6
DA:4,23
DA:5,6
DA:8,1
LF:4
LH:4
BRF:0
BRH:0
end_of_record
TN:
SF:src\longestCommonPrefix.js
FN:5,longestCommonPrefix
FNF:1
FNH:1
FNDA:6,longestCommonPrefix
DA:6,6
DA:9,6
DA:12,6
DA:13,9
DA:15,11
DA:16,11
DA:20,5
DA:23,1
LF:8
LH:8
BRDA:6,0,0,0
BRDA:6,0,1,6
BRDA:6,1,0,6
BRDA:6,1,1,6
BRDA:16,2,0,1
BRDA:16,2,1,10
BRF:6
BRH:5
end_of_record
TN:
SF:src\removeduplicates.js
FN:1,deleteDuplicates
FN:14,ListNode
FN:19,arrayToList
FN:30,listToArray
FNF:4
FNH:4
FNDA:5,deleteDuplicates
FNDA:16,ListNode
FNDA:5,arrayToList
FNDA:5,listToArray
DA:2,5
DA:4,5
DA:5,12
DA:6,6
DA:8,6
DA:12,5
DA:15,16
DA:16,16
DA:20,5
DA:21,4
DA:22,4
DA:23,4
DA:24,12
DA:25,12
DA:27,4
DA:31,5
DA:32,5
DA:33,5
DA:34,10
DA:35,10
DA:37,5
DA:40,1
LF:22
LH:22
BRDA:4,0,0,17
BRDA:4,0,1,16
BRDA:5,1,0,6
BRDA:5,1,1,6
BRDA:14,2,0,16
BRDA:20,3,0,1
BRDA:20,3,1,4
BRF:7
BRH:7
end_of_record
